-------------------------------------------------------------------------------
Test set: com.jeesite.test.InitCoreData
-------------------------------------------------------------------------------
Tests run: 1, Failures: 0, Errors: 1, Skipped: 0, Time elapsed: 14.039 s <<< FAILURE! - in com.jeesite.test.InitCoreData
initCoreData(com.jeesite.test.InitCoreData)  Time elapsed: 0.126 s  <<< ERROR!
org.springframework.transaction.CannotCreateTransactionException: Could not open JDBC Connection for transaction; nested exception is java.lang.IllegalStateException: Cannot determine target DataSource for lookup key [null]
Caused by: java.lang.IllegalStateException: Cannot determine target DataSource for lookup key [null]

